e:\astroids final\astroids\draft\x64\debug\vc140.pdb
e:\astroids final\astroids\draft\x64\debug\vc140.idb
e:\astroids final\astroids\draft\x64\debug\engine.obj
e:\astroids final\astroids\draft\x64\debug\game.obj
e:\astroids final\astroids\draft\x64\debug\gameobjects.obj
e:\astroids final\astroids\draft\x64\debug\stdafx.obj
e:\astroids final\astroids\draft\x64\debug\vc141.pdb
e:\astroids final\astroids\draft\x64\debug\vc141.idb
e:\astroids final\astroids\draft\x64\debug\engine.exe
e:\astroids final\astroids\draft\x64\debug\engine.ilk
e:\astroids final\astroids\draft\x64\debug\engine.pdb
c:\users\justo\desktop\astroids final\astroids\draft\x64\debug\engine.obj
c:\users\justo\desktop\astroids final\astroids\draft\x64\debug\game.obj
c:\users\justo\desktop\astroids final\astroids\draft\x64\debug\gameobjects.obj
c:\users\justo\desktop\astroids final\astroids\draft\x64\debug\stdafx.obj
c:\users\justo\desktop\astroids final\astroids\draft\x64\debug\engine.ilk
c:\users\justo\desktop\astroids final\astroids\draft\x64\debug\vc140.idb
c:\users\justo\desktop\astroids final\astroids\draft\x64\debug\vc141.idb
c:\users\justo\desktop\astroids final\astroids\draft\x64\debug\engine.pdb
c:\users\justo\desktop\astroids final\astroids\draft\x64\debug\vc140.pdb
c:\users\justo\desktop\astroids final\astroids\draft\x64\debug\vc141.pdb
c:\users\justo\desktop\astroids final\astroids\draft\x64\debug\engine.exe
c:\users\justo\desktop\astroids final\astroids\draft\x64\debug\engine.tlog\cl.command.1.tlog
c:\users\justo\desktop\astroids final\astroids\draft\x64\debug\engine.tlog\cl.read.1.tlog
c:\users\justo\desktop\astroids final\astroids\draft\x64\debug\engine.tlog\cl.write.1.tlog
c:\users\justo\desktop\astroids final\astroids\draft\x64\debug\engine.tlog\link.command.1.tlog
c:\users\justo\desktop\astroids final\astroids\draft\x64\debug\engine.tlog\link.delete.1.tlog
c:\users\justo\desktop\astroids final\astroids\draft\x64\debug\engine.tlog\link.read.1.tlog
c:\users\justo\desktop\astroids final\astroids\draft\x64\debug\engine.tlog\link.write.1.tlog
